  main.cpp
c:\users\10\documents\visual studio 2017\projects\bareboneserver\bareboneserver\main.cpp(82): warning C4018: '<': signed/unsigned mismatch
c:\users\10\documents\visual studio 2017\projects\bareboneserver\bareboneserver\main.cpp(104): warning C4018: '<': signed/unsigned mismatch
c:\users\10\documents\visual studio 2017\projects\bareboneserver\bareboneserver\main.cpp(123): warning C4018: '<': signed/unsigned mismatch
c:\users\10\documents\visual studio 2017\projects\bareboneserver\bareboneserver\main.cpp(152): warning C4018: '<': signed/unsigned mismatch
c:\users\10\documents\visual studio 2017\projects\bareboneserver\bareboneserver\main.cpp(176): warning C4018: '<': signed/unsigned mismatch
c:\users\10\documents\visual studio 2017\projects\bareboneserver\bareboneserver\main.cpp(201): warning C4018: '<': signed/unsigned mismatch
c:\users\10\documents\visual studio 2017\projects\bareboneserver\bareboneserver\main.cpp(226): warning C4018: '<': signed/unsigned mismatch
c:\users\10\documents\visual studio 2017\projects\bareboneserver\bareboneserver\main.cpp(251): warning C4018: '<': signed/unsigned mismatch
c:\users\10\documents\visual studio 2017\projects\bareboneserver\bareboneserver\main.cpp(276): warning C4018: '<': signed/unsigned mismatch
c:\users\10\documents\visual studio 2017\projects\bareboneserver\bareboneserver\main.cpp(301): warning C4018: '<': signed/unsigned mismatch
c:\users\10\documents\visual studio 2017\projects\bareboneserver\bareboneserver\main.cpp(10): warning C4101: 'tag': unreferenced local variable
  functions.cpp
c:\users\10\documents\visual studio 2017\projects\bareboneserver\bareboneserver\functions.cpp(7): warning C4018: '<': signed/unsigned mismatch
c:\users\10\documents\visual studio 2017\projects\bareboneserver\bareboneserver\functions.cpp(14): warning C4018: '<': signed/unsigned mismatch
c:\users\10\documents\visual studio 2017\projects\bareboneserver\bareboneserver\functions.cpp(36): warning C4018: '<': signed/unsigned mismatch
c:\users\10\documents\visual studio 2017\projects\bareboneserver\bareboneserver\functions.cpp(53): warning C4018: '<': signed/unsigned mismatch
  Generating Code...
c:\users\10\documents\visual studio 2017\projects\bareboneserver\bareboneserver\functions.cpp(27): warning C4715: 'needwhat': not all control paths return a value
  BareBoneServer.vcxproj -> C:\Users\10\documents\visual studio 2017\Projects\BareBoneServer\Debug\BareBoneServer.exe
  BareBoneServer.vcxproj -> C:\Users\10\documents\visual studio 2017\Projects\BareBoneServer\Debug\BareBoneServer.pdb (Partial PDB)
